[{"event_type": "CatalogEvent", "user_id": "04a492e3-6c63-47a9-a218-d0c19a15bf53", "event_properties": {"catalog_size": 0, "py_version": "3.8.9", "lineapy_version": "0.0.5"}}]
[{"event_type": "SaveEvent", "user_id": "04a492e3-6c63-47a9-a218-d0c19a15bf53", "event_properties": {"side_effect": "", "py_version": "3.8.9", "lineapy_version": "0.0.5"}}]
[{"event_type": "SaveEvent", "user_id": "04a492e3-6c63-47a9-a218-d0c19a15bf53", "event_properties": {"side_effect": "", "py_version": "3.8.9", "lineapy_version": "0.0.5"}}]
[{"event_type": "SaveEvent", "user_id": "04a492e3-6c63-47a9-a218-d0c19a15bf53", "event_properties": {"side_effect": "", "py_version": "3.8.9", "lineapy_version": "0.0.5"}}]
[{"event_type": "LibImportEvent", "user_id": "04a492e3-6c63-47a9-a218-d0c19a15bf53", "event_properties": {"name": "os", "version": "None", "py_version": "3.8.9", "lineapy_version": "0.0.5"}}]
[{"event_type": "LibImportEvent", "user_id": "04a492e3-6c63-47a9-a218-d0c19a15bf53", "event_properties": {"name": "pandas", "version": "1.3.5", "py_version": "3.8.9", "lineapy_version": "0.0.5"}}]
[{"event_type": "LibImportEvent", "user_id": "04a492e3-6c63-47a9-a218-d0c19a15bf53", "event_properties": {"name": "pandas", "version": "1.3.5", "py_version": "3.8.9", "lineapy_version": "0.0.5"}}]
[{"event_type": "LibImportEvent", "user_id": "04a492e3-6c63-47a9-a218-d0c19a15bf53", "event_properties": {"name": "matplotlib.pyplot", "version": "3.5.1", "py_version": "3.8.9", "lineapy_version": "0.0.5"}}]
[{"event_type": "LibImportEvent", "user_id": "04a492e3-6c63-47a9-a218-d0c19a15bf53", "event_properties": {"name": "os", "version": "None", "py_version": "3.8.9", "lineapy_version": "0.0.5"}}]
[{"event_type": "LibImportEvent", "user_id": "04a492e3-6c63-47a9-a218-d0c19a15bf53", "event_properties": {"name": "sklearn.linear_model", "version": "1.0.2", "py_version": "3.8.9", "lineapy_version": "0.0.5"}}]
[{"event_type": "LibImportEvent", "user_id": "04a492e3-6c63-47a9-a218-d0c19a15bf53", "event_properties": {"name": "pandas", "version": "1.3.5", "py_version": "3.8.9", "lineapy_version": "0.0.5"}}]
[{"event_type": "LibImportEvent", "user_id": "04a492e3-6c63-47a9-a218-d0c19a15bf53", "event_properties": {"name": "sklearn.linear_model", "version": "1.0.2", "py_version": "3.8.9", "lineapy_version": "0.0.5"}}]
[{"event_type": "SaveEvent", "user_id": "70bb815d-e3a9-437d-8d37-d3114157310b", "event_properties": {"side_effect": "", "py_version": "3.8.9", "lineapy_version": "0.0.5"}}]
[{"event_type": "LibImportEvent", "user_id": "70bb815d-e3a9-437d-8d37-d3114157310b", "event_properties": {"name": "pandas", "version": "1.3.5", "py_version": "3.8.9", "lineapy_version": "0.0.5"}}]
[{"event_type": "LibImportEvent", "user_id": "70bb815d-e3a9-437d-8d37-d3114157310b", "event_properties": {"name": "matplotlib.pyplot", "version": "3.5.1", "py_version": "3.8.9", "lineapy_version": "0.0.5"}}]
[{"event_type": "LibImportEvent", "user_id": "70bb815d-e3a9-437d-8d37-d3114157310b", "event_properties": {"name": "sklearn.linear_model", "version": "1.0.2", "py_version": "3.8.9", "lineapy_version": "0.0.5"}}]
[{"event_type": "LibImportEvent", "user_id": "70bb815d-e3a9-437d-8d37-d3114157310b", "event_properties": {"name": "os", "version": "None", "py_version": "3.8.9", "lineapy_version": "0.0.5"}}]
[{"event_type": "SaveEvent", "user_id": "98985c24-1b8f-4d23-9f82-1a07de65e639", "event_properties": {"side_effect": "", "py_version": "3.8.9", "lineapy_version": "0.0.5"}}]
[{"event_type": "SaveEvent", "user_id": "81fe685b-0ed3-4239-a060-c22ed8e49c4a", "event_properties": {"side_effect": "", "py_version": "3.8.9", "lineapy_version": "0.0.5"}}]
[{"event_type": "SaveEvent", "user_id": "d9951f82-a52f-474c-90b5-60a79804e546", "event_properties": {"side_effect": "", "py_version": "3.8.9", "lineapy_version": "0.0.5"}}]
[{"event_type": "GetEvent", "user_id": "e0e32123-2a8a-45be-b048-942a0a0618ba", "event_properties": {"version_specified": true, "py_version": "3.8.9", "lineapy_version": "0.0.5"}}]
[{"event_type": "GetValueEvent", "user_id": "e0e32123-2a8a-45be-b048-942a0a0618ba", "event_properties": {"has_value": true, "py_version": "3.8.9", "lineapy_version": "0.0.5"}}]
[{"event_type": "SaveEvent", "user_id": "e0e32123-2a8a-45be-b048-942a0a0618ba", "event_properties": {"side_effect": "", "py_version": "3.8.9", "lineapy_version": "0.0.5"}}]
[{"event_type": "LibImportEvent", "user_id": "e0e32123-2a8a-45be-b048-942a0a0618ba", "event_properties": {"name": "matplotlib.pyplot", "version": "3.5.1", "py_version": "3.8.9", "lineapy_version": "0.0.5"}}]
[{"event_type": "LibImportEvent", "user_id": "e0e32123-2a8a-45be-b048-942a0a0618ba", "event_properties": {"name": "os", "version": "None", "py_version": "3.8.9", "lineapy_version": "0.0.5"}}]
[{"event_type": "LibImportEvent", "user_id": "e0e32123-2a8a-45be-b048-942a0a0618ba", "event_properties": {"name": "pandas", "version": "1.3.5", "py_version": "3.8.9", "lineapy_version": "0.0.5"}}]
[{"event_type": "LibImportEvent", "user_id": "e0e32123-2a8a-45be-b048-942a0a0618ba", "event_properties": {"name": "pandas", "version": "1.3.5", "py_version": "3.8.9", "lineapy_version": "0.0.5"}}]
[{"event_type": "LibImportEvent", "user_id": "e0e32123-2a8a-45be-b048-942a0a0618ba", "event_properties": {"name": "sklearn.linear_model", "version": "1.0.2", "py_version": "3.8.9", "lineapy_version": "0.0.5"}}]
[{"event_type": "GetEvent", "user_id": "53111942-3a40-4a99-9b73-45a0b81ebd5e", "event_properties": {"version_specified": true, "py_version": "3.8.9", "lineapy_version": "0.0.5"}}]
[{"event_type": "GetValueEvent", "user_id": "53111942-3a40-4a99-9b73-45a0b81ebd5e", "event_properties": {"has_value": true, "py_version": "3.8.9", "lineapy_version": "0.0.5"}}]
[{"event_type": "SaveEvent", "user_id": "53111942-3a40-4a99-9b73-45a0b81ebd5e", "event_properties": {"side_effect": "", "py_version": "3.8.9", "lineapy_version": "0.0.5"}}]
[{"event_type": "LibImportEvent", "user_id": "53111942-3a40-4a99-9b73-45a0b81ebd5e", "event_properties": {"name": "matplotlib.pyplot", "version": "3.5.1", "py_version": "3.8.9", "lineapy_version": "0.0.5"}}]
[{"event_type": "LibImportEvent", "user_id": "53111942-3a40-4a99-9b73-45a0b81ebd5e", "event_properties": {"name": "pandas", "version": "1.3.5", "py_version": "3.8.9", "lineapy_version": "0.0.5"}}]
[{"event_type": "LibImportEvent", "user_id": "53111942-3a40-4a99-9b73-45a0b81ebd5e", "event_properties": {"name": "os", "version": "None", "py_version": "3.8.9", "lineapy_version": "0.0.5"}}]
[{"event_type": "LibImportEvent", "user_id": "53111942-3a40-4a99-9b73-45a0b81ebd5e", "event_properties": {"name": "sklearn.linear_model", "version": "1.0.2", "py_version": "3.8.9", "lineapy_version": "0.0.5"}}]
[{"event_type": "GetEvent", "user_id": "30c52bbe-f02f-4f51-88cc-121b2f1a16ad", "event_properties": {"version_specified": true, "py_version": "3.8.9", "lineapy_version": "0.0.5"}}]
[{"event_type": "GetValueEvent", "user_id": "30c52bbe-f02f-4f51-88cc-121b2f1a16ad", "event_properties": {"has_value": true, "py_version": "3.8.9", "lineapy_version": "0.0.5"}}]
[{"event_type": "SaveEvent", "user_id": "30c52bbe-f02f-4f51-88cc-121b2f1a16ad", "event_properties": {"side_effect": "", "py_version": "3.8.9", "lineapy_version": "0.0.5"}}]
[{"event_type": "LibImportEvent", "user_id": "30c52bbe-f02f-4f51-88cc-121b2f1a16ad", "event_properties": {"name": "pandas", "version": "1.3.5", "py_version": "3.8.9", "lineapy_version": "0.0.5"}}]
[{"event_type": "LibImportEvent", "user_id": "30c52bbe-f02f-4f51-88cc-121b2f1a16ad", "event_properties": {"name": "matplotlib.pyplot", "version": "3.5.1", "py_version": "3.8.9", "lineapy_version": "0.0.5"}}]
[{"event_type": "LibImportEvent", "user_id": "30c52bbe-f02f-4f51-88cc-121b2f1a16ad", "event_properties": {"name": "os", "version": "None", "py_version": "3.8.9", "lineapy_version": "0.0.5"}}]
[{"event_type": "LibImportEvent", "user_id": "30c52bbe-f02f-4f51-88cc-121b2f1a16ad", "event_properties": {"name": "sklearn.linear_model", "version": "1.0.2", "py_version": "3.8.9", "lineapy_version": "0.0.5"}}]
[{"event_type": "CatalogEvent", "user_id": "cc9878c8-957b-4e5d-8a1f-f55cf811e2b0", "event_properties": {"catalog_size": 10, "py_version": "3.8.9", "lineapy_version": "0.0.5"}}]
[{"event_type": "GetVersionEvent", "user_id": "cc9878c8-957b-4e5d-8a1f-f55cf811e2b0", "event_properties": {"dummy_entry": "", "py_version": "3.8.9", "lineapy_version": "0.0.5"}}]
[{"event_type": "GetVersionEvent", "user_id": "cc9878c8-957b-4e5d-8a1f-f55cf811e2b0", "event_properties": {"dummy_entry": "", "py_version": "3.8.9", "lineapy_version": "0.0.5"}}]
[{"event_type": "GetVersionEvent", "user_id": "cc9878c8-957b-4e5d-8a1f-f55cf811e2b0", "event_properties": {"dummy_entry": "", "py_version": "3.8.9", "lineapy_version": "0.0.5"}}]
[{"event_type": "GetVersionEvent", "user_id": "cc9878c8-957b-4e5d-8a1f-f55cf811e2b0", "event_properties": {"dummy_entry": "", "py_version": "3.8.9", "lineapy_version": "0.0.5"}}]
[{"event_type": "GetVersionEvent", "user_id": "cc9878c8-957b-4e5d-8a1f-f55cf811e2b0", "event_properties": {"dummy_entry": "", "py_version": "3.8.9", "lineapy_version": "0.0.5"}}]
[{"event_type": "GetVersionEvent", "user_id": "cc9878c8-957b-4e5d-8a1f-f55cf811e2b0", "event_properties": {"dummy_entry": "", "py_version": "3.8.9", "lineapy_version": "0.0.5"}}]
[{"event_type": "GetVersionEvent", "user_id": "cc9878c8-957b-4e5d-8a1f-f55cf811e2b0", "event_properties": {"dummy_entry": "", "py_version": "3.8.9", "lineapy_version": "0.0.5"}}]
[{"event_type": "GetVersionEvent", "user_id": "cc9878c8-957b-4e5d-8a1f-f55cf811e2b0", "event_properties": {"dummy_entry": "", "py_version": "3.8.9", "lineapy_version": "0.0.5"}}]
[{"event_type": "GetVersionEvent", "user_id": "cc9878c8-957b-4e5d-8a1f-f55cf811e2b0", "event_properties": {"dummy_entry": "", "py_version": "3.8.9", "lineapy_version": "0.0.5"}}]
[{"event_type": "GetVersionEvent", "user_id": "cc9878c8-957b-4e5d-8a1f-f55cf811e2b0", "event_properties": {"dummy_entry": "", "py_version": "3.8.9", "lineapy_version": "0.0.5"}}]
[{"event_type": "CatalogEvent", "user_id": "faa5faab-69da-430a-ad91-9edc4379026a", "event_properties": {"catalog_size": 10, "py_version": "3.8.9", "lineapy_version": "0.0.5"}}]
[{"event_type": "GetVersionEvent", "user_id": "faa5faab-69da-430a-ad91-9edc4379026a", "event_properties": {"dummy_entry": "", "py_version": "3.8.9", "lineapy_version": "0.0.5"}}]
[{"event_type": "GetVersionEvent", "user_id": "faa5faab-69da-430a-ad91-9edc4379026a", "event_properties": {"dummy_entry": "", "py_version": "3.8.9", "lineapy_version": "0.0.5"}}]
[{"event_type": "GetVersionEvent", "user_id": "faa5faab-69da-430a-ad91-9edc4379026a", "event_properties": {"dummy_entry": "", "py_version": "3.8.9", "lineapy_version": "0.0.5"}}]
[{"event_type": "GetVersionEvent", "user_id": "faa5faab-69da-430a-ad91-9edc4379026a", "event_properties": {"dummy_entry": "", "py_version": "3.8.9", "lineapy_version": "0.0.5"}}]
[{"event_type": "GetVersionEvent", "user_id": "faa5faab-69da-430a-ad91-9edc4379026a", "event_properties": {"dummy_entry": "", "py_version": "3.8.9", "lineapy_version": "0.0.5"}}]
[{"event_type": "GetVersionEvent", "user_id": "faa5faab-69da-430a-ad91-9edc4379026a", "event_properties": {"dummy_entry": "", "py_version": "3.8.9", "lineapy_version": "0.0.5"}}]
[{"event_type": "GetVersionEvent", "user_id": "faa5faab-69da-430a-ad91-9edc4379026a", "event_properties": {"dummy_entry": "", "py_version": "3.8.9", "lineapy_version": "0.0.5"}}]
[{"event_type": "GetVersionEvent", "user_id": "faa5faab-69da-430a-ad91-9edc4379026a", "event_properties": {"dummy_entry": "", "py_version": "3.8.9", "lineapy_version": "0.0.5"}}]
[{"event_type": "GetVersionEvent", "user_id": "faa5faab-69da-430a-ad91-9edc4379026a", "event_properties": {"dummy_entry": "", "py_version": "3.8.9", "lineapy_version": "0.0.5"}}]
[{"event_type": "GetVersionEvent", "user_id": "faa5faab-69da-430a-ad91-9edc4379026a", "event_properties": {"dummy_entry": "", "py_version": "3.8.9", "lineapy_version": "0.0.5"}}]
[{"event_type": "GetEvent", "user_id": "faa5faab-69da-430a-ad91-9edc4379026a", "event_properties": {"version_specified": true, "py_version": "3.8.9", "lineapy_version": "0.0.5"}}]
[{"event_type": "GetValueEvent", "user_id": "faa5faab-69da-430a-ad91-9edc4379026a", "event_properties": {"has_value": true, "py_version": "3.8.9", "lineapy_version": "0.0.5"}}]
[{"event_type": "GetCodeEvent", "user_id": "faa5faab-69da-430a-ad91-9edc4379026a", "event_properties": {"use_lineapy_serialization": true, "is_session_code": false, "py_version": "3.8.9", "lineapy_version": "0.0.5"}}]
[{"event_type": "GetEvent", "user_id": "faa5faab-69da-430a-ad91-9edc4379026a", "event_properties": {"version_specified": true, "py_version": "3.8.9", "lineapy_version": "0.0.5"}}]
[{"event_type": "GetValueEvent", "user_id": "faa5faab-69da-430a-ad91-9edc4379026a", "event_properties": {"has_value": true, "py_version": "3.8.9", "lineapy_version": "0.0.5"}}]
