[{"event_type": "SaveEvent", "user_id": "45cb786e-1bdd-4589-afc3-d1d57c286756", "event_properties": {"side_effect": "", "py_version": "3.7.13", "lineapy_version": "0.0.5"}}]
[{"event_type": "CatalogEvent", "user_id": "45cb786e-1bdd-4589-afc3-d1d57c286756", "event_properties": {"catalog_size": 1, "py_version": "3.7.13", "lineapy_version": "0.0.5"}}]
[{"event_type": "GetVersionEvent", "user_id": "45cb786e-1bdd-4589-afc3-d1d57c286756", "event_properties": {"dummy_entry": "", "py_version": "3.7.13", "lineapy_version": "0.0.5"}}]
[{"event_type": "GetEvent", "user_id": "45cb786e-1bdd-4589-afc3-d1d57c286756", "event_properties": {"version_specified": false, "py_version": "3.7.13", "lineapy_version": "0.0.5"}}]
[{"event_type": "GetCodeEvent", "user_id": "45cb786e-1bdd-4589-afc3-d1d57c286756", "event_properties": {"use_lineapy_serialization": true, "is_session_code": false, "py_version": "3.7.13", "lineapy_version": "0.0.5"}}]
[{"event_type": "LibImportEvent", "user_id": "45cb786e-1bdd-4589-afc3-d1d57c286756", "event_properties": {"name": "matplotlib.pyplot", "version": "3.2.2", "py_version": "3.7.13", "lineapy_version": "0.0.5"}}]
[{"event_type": "LibImportEvent", "user_id": "45cb786e-1bdd-4589-afc3-d1d57c286756", "event_properties": {"name": "pandas", "version": "1.3.5", "py_version": "3.7.13", "lineapy_version": "0.0.5"}}]
[{"event_type": "LibImportEvent", "user_id": "45cb786e-1bdd-4589-afc3-d1d57c286756", "event_properties": {"name": "sklearn.linear_model", "version": "1.0.2", "py_version": "3.7.13", "lineapy_version": "0.0.5"}}]
[{"event_type": "LibImportEvent", "user_id": "45cb786e-1bdd-4589-afc3-d1d57c286756", "event_properties": {"name": "os", "version": "None", "py_version": "3.7.13", "lineapy_version": "0.0.5"}}]
[{"event_type": "ExceptionEvent", "user_id": "e2765c52-0e45-4352-8abb-e30269f63754", "event_properties": {"error_type": "DBError", "error_msg": "No context set", "py_version": "3.7.13", "lineapy_version": "0.0.5"}}]
[{"event_type": "SaveEvent", "user_id": "8995af9d-baca-4902-bd66-1719245ef136", "event_properties": {"side_effect": "", "py_version": "3.7.13", "lineapy_version": "0.0.5"}}]
[{"event_type": "CatalogEvent", "user_id": "8995af9d-baca-4902-bd66-1719245ef136", "event_properties": {"catalog_size": 2, "py_version": "3.7.13", "lineapy_version": "0.0.5"}}]
[{"event_type": "GetVersionEvent", "user_id": "8995af9d-baca-4902-bd66-1719245ef136", "event_properties": {"dummy_entry": "", "py_version": "3.7.13", "lineapy_version": "0.0.5"}}]
[{"event_type": "GetVersionEvent", "user_id": "8995af9d-baca-4902-bd66-1719245ef136", "event_properties": {"dummy_entry": "", "py_version": "3.7.13", "lineapy_version": "0.0.5"}}]
[{"event_type": "GetEvent", "user_id": "8995af9d-baca-4902-bd66-1719245ef136", "event_properties": {"version_specified": false, "py_version": "3.7.13", "lineapy_version": "0.0.5"}}]
[{"event_type": "GetCodeEvent", "user_id": "8995af9d-baca-4902-bd66-1719245ef136", "event_properties": {"use_lineapy_serialization": true, "is_session_code": false, "py_version": "3.7.13", "lineapy_version": "0.0.5"}}]
[{"event_type": "LibImportEvent", "user_id": "8995af9d-baca-4902-bd66-1719245ef136", "event_properties": {"name": "os", "version": "None", "py_version": "3.7.13", "lineapy_version": "0.0.5"}}]
[{"event_type": "LibImportEvent", "user_id": "8995af9d-baca-4902-bd66-1719245ef136", "event_properties": {"name": "matplotlib.pyplot", "version": "3.2.2", "py_version": "3.7.13", "lineapy_version": "0.0.5"}}]
[{"event_type": "LibImportEvent", "user_id": "8995af9d-baca-4902-bd66-1719245ef136", "event_properties": {"name": "pandas", "version": "1.3.5", "py_version": "3.7.13", "lineapy_version": "0.0.5"}}]
[{"event_type": "LibImportEvent", "user_id": "8995af9d-baca-4902-bd66-1719245ef136", "event_properties": {"name": "sklearn.linear_model", "version": "1.0.2", "py_version": "3.7.13", "lineapy_version": "0.0.5"}}]
[{"event_type": "SaveEvent", "user_id": "bec19c0a-647c-4e2d-a3e5-20bd9c06cc6a", "event_properties": {"side_effect": "", "py_version": "3.7.13", "lineapy_version": "0.0.5"}}]
[{"event_type": "CatalogEvent", "user_id": "bec19c0a-647c-4e2d-a3e5-20bd9c06cc6a", "event_properties": {"catalog_size": 3, "py_version": "3.7.13", "lineapy_version": "0.0.5"}}]
[{"event_type": "GetVersionEvent", "user_id": "bec19c0a-647c-4e2d-a3e5-20bd9c06cc6a", "event_properties": {"dummy_entry": "", "py_version": "3.7.13", "lineapy_version": "0.0.5"}}]
[{"event_type": "GetVersionEvent", "user_id": "bec19c0a-647c-4e2d-a3e5-20bd9c06cc6a", "event_properties": {"dummy_entry": "", "py_version": "3.7.13", "lineapy_version": "0.0.5"}}]
[{"event_type": "GetVersionEvent", "user_id": "bec19c0a-647c-4e2d-a3e5-20bd9c06cc6a", "event_properties": {"dummy_entry": "", "py_version": "3.7.13", "lineapy_version": "0.0.5"}}]
[{"event_type": "CatalogEvent", "user_id": "bec19c0a-647c-4e2d-a3e5-20bd9c06cc6a", "event_properties": {"catalog_size": 3, "py_version": "3.7.13", "lineapy_version": "0.0.5"}}]
[{"event_type": "GetVersionEvent", "user_id": "bec19c0a-647c-4e2d-a3e5-20bd9c06cc6a", "event_properties": {"dummy_entry": "", "py_version": "3.7.13", "lineapy_version": "0.0.5"}}]
[{"event_type": "GetVersionEvent", "user_id": "bec19c0a-647c-4e2d-a3e5-20bd9c06cc6a", "event_properties": {"dummy_entry": "", "py_version": "3.7.13", "lineapy_version": "0.0.5"}}]
[{"event_type": "GetVersionEvent", "user_id": "bec19c0a-647c-4e2d-a3e5-20bd9c06cc6a", "event_properties": {"dummy_entry": "", "py_version": "3.7.13", "lineapy_version": "0.0.5"}}]
[{"event_type": "CatalogEvent", "user_id": "bec19c0a-647c-4e2d-a3e5-20bd9c06cc6a", "event_properties": {"catalog_size": 3, "py_version": "3.7.13", "lineapy_version": "0.0.5"}}]
[{"event_type": "GetVersionEvent", "user_id": "bec19c0a-647c-4e2d-a3e5-20bd9c06cc6a", "event_properties": {"dummy_entry": "", "py_version": "3.7.13", "lineapy_version": "0.0.5"}}]
[{"event_type": "GetVersionEvent", "user_id": "bec19c0a-647c-4e2d-a3e5-20bd9c06cc6a", "event_properties": {"dummy_entry": "", "py_version": "3.7.13", "lineapy_version": "0.0.5"}}]
[{"event_type": "GetVersionEvent", "user_id": "bec19c0a-647c-4e2d-a3e5-20bd9c06cc6a", "event_properties": {"dummy_entry": "", "py_version": "3.7.13", "lineapy_version": "0.0.5"}}]
[{"event_type": "LibImportEvent", "user_id": "bec19c0a-647c-4e2d-a3e5-20bd9c06cc6a", "event_properties": {"name": "sklearn.linear_model", "version": "1.0.2", "py_version": "3.7.13", "lineapy_version": "0.0.5"}}]
[{"event_type": "LibImportEvent", "user_id": "bec19c0a-647c-4e2d-a3e5-20bd9c06cc6a", "event_properties": {"name": "google.colab", "version": "0.0.1a2", "py_version": "3.7.13", "lineapy_version": "0.0.5"}}]
[{"event_type": "LibImportEvent", "user_id": "bec19c0a-647c-4e2d-a3e5-20bd9c06cc6a", "event_properties": {"name": "google.colab", "version": "0.0.1a2", "py_version": "3.7.13", "lineapy_version": "0.0.5"}}]
[{"event_type": "LibImportEvent", "user_id": "bec19c0a-647c-4e2d-a3e5-20bd9c06cc6a", "event_properties": {"name": "os", "version": "None", "py_version": "3.7.13", "lineapy_version": "0.0.5"}}]
[{"event_type": "LibImportEvent", "user_id": "bec19c0a-647c-4e2d-a3e5-20bd9c06cc6a", "event_properties": {"name": "google.colab", "version": "0.0.1a2", "py_version": "3.7.13", "lineapy_version": "0.0.5"}}]
[{"event_type": "LibImportEvent", "user_id": "bec19c0a-647c-4e2d-a3e5-20bd9c06cc6a", "event_properties": {"name": "google.colab", "version": "0.0.1a2", "py_version": "3.7.13", "lineapy_version": "0.0.5"}}]
[{"event_type": "LibImportEvent", "user_id": "bec19c0a-647c-4e2d-a3e5-20bd9c06cc6a", "event_properties": {"name": "google.colab", "version": "0.0.1a2", "py_version": "3.7.13", "lineapy_version": "0.0.5"}}]
[{"event_type": "LibImportEvent", "user_id": "bec19c0a-647c-4e2d-a3e5-20bd9c06cc6a", "event_properties": {"name": "matplotlib.pyplot", "version": "3.2.2", "py_version": "3.7.13", "lineapy_version": "0.0.5"}}]
[{"event_type": "LibImportEvent", "user_id": "bec19c0a-647c-4e2d-a3e5-20bd9c06cc6a", "event_properties": {"name": "google.colab", "version": "0.0.1a2", "py_version": "3.7.13", "lineapy_version": "0.0.5"}}]
[{"event_type": "LibImportEvent", "user_id": "bec19c0a-647c-4e2d-a3e5-20bd9c06cc6a", "event_properties": {"name": "google.colab", "version": "0.0.1a2", "py_version": "3.7.13", "lineapy_version": "0.0.5"}}]
[{"event_type": "LibImportEvent", "user_id": "bec19c0a-647c-4e2d-a3e5-20bd9c06cc6a", "event_properties": {"name": "google.colab", "version": "0.0.1a2", "py_version": "3.7.13", "lineapy_version": "0.0.5"}}]
[{"event_type": "LibImportEvent", "user_id": "bec19c0a-647c-4e2d-a3e5-20bd9c06cc6a", "event_properties": {"name": "pandas", "version": "1.3.5", "py_version": "3.7.13", "lineapy_version": "0.0.5"}}]
[{"event_type": "SaveEvent", "user_id": "788dea49-073f-4eaf-883c-e31a590c8c2b", "event_properties": {"side_effect": "", "py_version": "3.7.13", "lineapy_version": "0.0.5"}}]
[{"event_type": "CatalogEvent", "user_id": "788dea49-073f-4eaf-883c-e31a590c8c2b", "event_properties": {"catalog_size": 4, "py_version": "3.7.13", "lineapy_version": "0.0.5"}}]
[{"event_type": "GetVersionEvent", "user_id": "788dea49-073f-4eaf-883c-e31a590c8c2b", "event_properties": {"dummy_entry": "", "py_version": "3.7.13", "lineapy_version": "0.0.5"}}]
[{"event_type": "GetVersionEvent", "user_id": "788dea49-073f-4eaf-883c-e31a590c8c2b", "event_properties": {"dummy_entry": "", "py_version": "3.7.13", "lineapy_version": "0.0.5"}}]
[{"event_type": "GetVersionEvent", "user_id": "788dea49-073f-4eaf-883c-e31a590c8c2b", "event_properties": {"dummy_entry": "", "py_version": "3.7.13", "lineapy_version": "0.0.5"}}]
[{"event_type": "GetVersionEvent", "user_id": "788dea49-073f-4eaf-883c-e31a590c8c2b", "event_properties": {"dummy_entry": "", "py_version": "3.7.13", "lineapy_version": "0.0.5"}}]
[{"event_type": "SaveEvent", "user_id": "0bae4360-1f47-4f4f-93c3-57a4e700c76e", "event_properties": {"side_effect": "", "py_version": "3.7.13", "lineapy_version": "0.0.5"}}]
[{"event_type": "CatalogEvent", "user_id": "0bae4360-1f47-4f4f-93c3-57a4e700c76e", "event_properties": {"catalog_size": 5, "py_version": "3.7.13", "lineapy_version": "0.0.5"}}]
[{"event_type": "GetVersionEvent", "user_id": "0bae4360-1f47-4f4f-93c3-57a4e700c76e", "event_properties": {"dummy_entry": "", "py_version": "3.7.13", "lineapy_version": "0.0.5"}}]
[{"event_type": "GetVersionEvent", "user_id": "0bae4360-1f47-4f4f-93c3-57a4e700c76e", "event_properties": {"dummy_entry": "", "py_version": "3.7.13", "lineapy_version": "0.0.5"}}]
[{"event_type": "GetVersionEvent", "user_id": "0bae4360-1f47-4f4f-93c3-57a4e700c76e", "event_properties": {"dummy_entry": "", "py_version": "3.7.13", "lineapy_version": "0.0.5"}}]
[{"event_type": "GetVersionEvent", "user_id": "0bae4360-1f47-4f4f-93c3-57a4e700c76e", "event_properties": {"dummy_entry": "", "py_version": "3.7.13", "lineapy_version": "0.0.5"}}]
[{"event_type": "GetVersionEvent", "user_id": "0bae4360-1f47-4f4f-93c3-57a4e700c76e", "event_properties": {"dummy_entry": "", "py_version": "3.7.13", "lineapy_version": "0.0.5"}}]
[{"event_type": "SaveEvent", "user_id": "555b4cb3-eeb5-4fc6-9f42-0069467bfb85", "event_properties": {"side_effect": "", "py_version": "3.7.13", "lineapy_version": "0.0.5"}}]
[{"event_type": "CatalogEvent", "user_id": "555b4cb3-eeb5-4fc6-9f42-0069467bfb85", "event_properties": {"catalog_size": 6, "py_version": "3.7.13", "lineapy_version": "0.0.5"}}]
[{"event_type": "GetVersionEvent", "user_id": "555b4cb3-eeb5-4fc6-9f42-0069467bfb85", "event_properties": {"dummy_entry": "", "py_version": "3.7.13", "lineapy_version": "0.0.5"}}]
[{"event_type": "GetVersionEvent", "user_id": "555b4cb3-eeb5-4fc6-9f42-0069467bfb85", "event_properties": {"dummy_entry": "", "py_version": "3.7.13", "lineapy_version": "0.0.5"}}]
[{"event_type": "GetVersionEvent", "user_id": "555b4cb3-eeb5-4fc6-9f42-0069467bfb85", "event_properties": {"dummy_entry": "", "py_version": "3.7.13", "lineapy_version": "0.0.5"}}]
[{"event_type": "GetVersionEvent", "user_id": "555b4cb3-eeb5-4fc6-9f42-0069467bfb85", "event_properties": {"dummy_entry": "", "py_version": "3.7.13", "lineapy_version": "0.0.5"}}]
[{"event_type": "GetVersionEvent", "user_id": "555b4cb3-eeb5-4fc6-9f42-0069467bfb85", "event_properties": {"dummy_entry": "", "py_version": "3.7.13", "lineapy_version": "0.0.5"}}]
[{"event_type": "GetVersionEvent", "user_id": "555b4cb3-eeb5-4fc6-9f42-0069467bfb85", "event_properties": {"dummy_entry": "", "py_version": "3.7.13", "lineapy_version": "0.0.5"}}]
[{"event_type": "ExceptionEvent", "user_id": "69a37508-84de-4a72-82c7-f2fe718819af", "event_properties": {"error_type": "UserException", "error_msg": "Artifact not found", "py_version": "3.7.13", "lineapy_version": "0.0.5"}}]
[{"event_type": "LibImportEvent", "user_id": "69a37508-84de-4a72-82c7-f2fe718819af", "event_properties": {"name": "sklearn.linear_model", "version": "1.0.2", "py_version": "3.7.13", "lineapy_version": "0.0.5"}}]
[{"event_type": "LibImportEvent", "user_id": "69a37508-84de-4a72-82c7-f2fe718819af", "event_properties": {"name": "pandas", "version": "1.3.5", "py_version": "3.7.13", "lineapy_version": "0.0.5"}}]
[{"event_type": "LibImportEvent", "user_id": "69a37508-84de-4a72-82c7-f2fe718819af", "event_properties": {"name": "matplotlib.pyplot", "version": "3.2.2", "py_version": "3.7.13", "lineapy_version": "0.0.5"}}]
[{"event_type": "LibImportEvent", "user_id": "69a37508-84de-4a72-82c7-f2fe718819af", "event_properties": {"name": "os", "version": "None", "py_version": "3.7.13", "lineapy_version": "0.0.5"}}]
[{"event_type": "GetEvent", "user_id": "edbf85fd-2ec6-4fe3-a5dc-81e0d43b3dc1", "event_properties": {"version_specified": true, "py_version": "3.7.13", "lineapy_version": "0.0.5"}}]
[{"event_type": "GetValueEvent", "user_id": "edbf85fd-2ec6-4fe3-a5dc-81e0d43b3dc1", "event_properties": {"has_value": true, "py_version": "3.7.13", "lineapy_version": "0.0.5"}}]
[{"event_type": "SaveEvent", "user_id": "edbf85fd-2ec6-4fe3-a5dc-81e0d43b3dc1", "event_properties": {"side_effect": "", "py_version": "3.7.13", "lineapy_version": "0.0.5"}}]
[{"event_type": "CatalogEvent", "user_id": "edbf85fd-2ec6-4fe3-a5dc-81e0d43b3dc1", "event_properties": {"catalog_size": 7, "py_version": "3.7.13", "lineapy_version": "0.0.5"}}]
[{"event_type": "GetVersionEvent", "user_id": "edbf85fd-2ec6-4fe3-a5dc-81e0d43b3dc1", "event_properties": {"dummy_entry": "", "py_version": "3.7.13", "lineapy_version": "0.0.5"}}]
[{"event_type": "GetVersionEvent", "user_id": "edbf85fd-2ec6-4fe3-a5dc-81e0d43b3dc1", "event_properties": {"dummy_entry": "", "py_version": "3.7.13", "lineapy_version": "0.0.5"}}]
[{"event_type": "GetVersionEvent", "user_id": "edbf85fd-2ec6-4fe3-a5dc-81e0d43b3dc1", "event_properties": {"dummy_entry": "", "py_version": "3.7.13", "lineapy_version": "0.0.5"}}]
[{"event_type": "GetVersionEvent", "user_id": "edbf85fd-2ec6-4fe3-a5dc-81e0d43b3dc1", "event_properties": {"dummy_entry": "", "py_version": "3.7.13", "lineapy_version": "0.0.5"}}]
[{"event_type": "GetVersionEvent", "user_id": "edbf85fd-2ec6-4fe3-a5dc-81e0d43b3dc1", "event_properties": {"dummy_entry": "", "py_version": "3.7.13", "lineapy_version": "0.0.5"}}]
[{"event_type": "GetVersionEvent", "user_id": "edbf85fd-2ec6-4fe3-a5dc-81e0d43b3dc1", "event_properties": {"dummy_entry": "", "py_version": "3.7.13", "lineapy_version": "0.0.5"}}]
[{"event_type": "GetVersionEvent", "user_id": "edbf85fd-2ec6-4fe3-a5dc-81e0d43b3dc1", "event_properties": {"dummy_entry": "", "py_version": "3.7.13", "lineapy_version": "0.0.5"}}]
[{"event_type": "GetEvent", "user_id": "edbf85fd-2ec6-4fe3-a5dc-81e0d43b3dc1", "event_properties": {"version_specified": false, "py_version": "3.7.13", "lineapy_version": "0.0.5"}}]
[{"event_type": "GetCodeEvent", "user_id": "edbf85fd-2ec6-4fe3-a5dc-81e0d43b3dc1", "event_properties": {"use_lineapy_serialization": true, "is_session_code": false, "py_version": "3.7.13", "lineapy_version": "0.0.5"}}]
[{"event_type": "GetCodeEvent", "user_id": "edbf85fd-2ec6-4fe3-a5dc-81e0d43b3dc1", "event_properties": {"use_lineapy_serialization": false, "is_session_code": true, "py_version": "3.7.13", "lineapy_version": "0.0.5"}}]
[{"event_type": "GetEvent", "user_id": "edbf85fd-2ec6-4fe3-a5dc-81e0d43b3dc1", "event_properties": {"version_specified": true, "py_version": "3.7.13", "lineapy_version": "0.0.5"}}]
[{"event_type": "GetCodeEvent", "user_id": "edbf85fd-2ec6-4fe3-a5dc-81e0d43b3dc1", "event_properties": {"use_lineapy_serialization": false, "is_session_code": true, "py_version": "3.7.13", "lineapy_version": "0.0.5"}}]
[{"event_type": "LibImportEvent", "user_id": "edbf85fd-2ec6-4fe3-a5dc-81e0d43b3dc1", "event_properties": {"name": "os", "version": "None", "py_version": "3.7.13", "lineapy_version": "0.0.5"}}]
[{"event_type": "LibImportEvent", "user_id": "edbf85fd-2ec6-4fe3-a5dc-81e0d43b3dc1", "event_properties": {"name": "sklearn.linear_model", "version": "1.0.2", "py_version": "3.7.13", "lineapy_version": "0.0.5"}}]
[{"event_type": "LibImportEvent", "user_id": "edbf85fd-2ec6-4fe3-a5dc-81e0d43b3dc1", "event_properties": {"name": "pandas", "version": "1.3.5", "py_version": "3.7.13", "lineapy_version": "0.0.5"}}]
[{"event_type": "LibImportEvent", "user_id": "edbf85fd-2ec6-4fe3-a5dc-81e0d43b3dc1", "event_properties": {"name": "matplotlib.pyplot", "version": "3.2.2", "py_version": "3.7.13", "lineapy_version": "0.0.5"}}]
[{"event_type": "GetEvent", "user_id": "d17504a3-b193-4c22-a852-89c285ee664b", "event_properties": {"version_specified": true, "py_version": "3.7.13", "lineapy_version": "0.0.5"}}]
[{"event_type": "GetValueEvent", "user_id": "d17504a3-b193-4c22-a852-89c285ee664b", "event_properties": {"has_value": true, "py_version": "3.7.13", "lineapy_version": "0.0.5"}}]
[{"event_type": "SaveEvent", "user_id": "d17504a3-b193-4c22-a852-89c285ee664b", "event_properties": {"side_effect": "", "py_version": "3.7.13", "lineapy_version": "0.0.5"}}]
[{"event_type": "CatalogEvent", "user_id": "d17504a3-b193-4c22-a852-89c285ee664b", "event_properties": {"catalog_size": 8, "py_version": "3.7.13", "lineapy_version": "0.0.5"}}]
[{"event_type": "GetVersionEvent", "user_id": "d17504a3-b193-4c22-a852-89c285ee664b", "event_properties": {"dummy_entry": "", "py_version": "3.7.13", "lineapy_version": "0.0.5"}}]
[{"event_type": "GetVersionEvent", "user_id": "d17504a3-b193-4c22-a852-89c285ee664b", "event_properties": {"dummy_entry": "", "py_version": "3.7.13", "lineapy_version": "0.0.5"}}]
[{"event_type": "GetVersionEvent", "user_id": "d17504a3-b193-4c22-a852-89c285ee664b", "event_properties": {"dummy_entry": "", "py_version": "3.7.13", "lineapy_version": "0.0.5"}}]
[{"event_type": "GetVersionEvent", "user_id": "d17504a3-b193-4c22-a852-89c285ee664b", "event_properties": {"dummy_entry": "", "py_version": "3.7.13", "lineapy_version": "0.0.5"}}]
[{"event_type": "GetVersionEvent", "user_id": "d17504a3-b193-4c22-a852-89c285ee664b", "event_properties": {"dummy_entry": "", "py_version": "3.7.13", "lineapy_version": "0.0.5"}}]
[{"event_type": "GetVersionEvent", "user_id": "d17504a3-b193-4c22-a852-89c285ee664b", "event_properties": {"dummy_entry": "", "py_version": "3.7.13", "lineapy_version": "0.0.5"}}]
[{"event_type": "GetVersionEvent", "user_id": "d17504a3-b193-4c22-a852-89c285ee664b", "event_properties": {"dummy_entry": "", "py_version": "3.7.13", "lineapy_version": "0.0.5"}}]
[{"event_type": "GetVersionEvent", "user_id": "d17504a3-b193-4c22-a852-89c285ee664b", "event_properties": {"dummy_entry": "", "py_version": "3.7.13", "lineapy_version": "0.0.5"}}]
[{"event_type": "GetEvent", "user_id": "d17504a3-b193-4c22-a852-89c285ee664b", "event_properties": {"version_specified": false, "py_version": "3.7.13", "lineapy_version": "0.0.5"}}]
[{"event_type": "GetCodeEvent", "user_id": "d17504a3-b193-4c22-a852-89c285ee664b", "event_properties": {"use_lineapy_serialization": false, "is_session_code": true, "py_version": "3.7.13", "lineapy_version": "0.0.5"}}]
[{"event_type": "GetEvent", "user_id": "d17504a3-b193-4c22-a852-89c285ee664b", "event_properties": {"version_specified": false, "py_version": "3.7.13", "lineapy_version": "0.0.5"}}]
[{"event_type": "GetCodeEvent", "user_id": "d17504a3-b193-4c22-a852-89c285ee664b", "event_properties": {"use_lineapy_serialization": false, "is_session_code": true, "py_version": "3.7.13", "lineapy_version": "0.0.5"}}]
[{"event_type": "GetEvent", "user_id": "d17504a3-b193-4c22-a852-89c285ee664b", "event_properties": {"version_specified": true, "py_version": "3.7.13", "lineapy_version": "0.0.5"}}]
[{"event_type": "GetCodeEvent", "user_id": "d17504a3-b193-4c22-a852-89c285ee664b", "event_properties": {"use_lineapy_serialization": false, "is_session_code": true, "py_version": "3.7.13", "lineapy_version": "0.0.5"}}]
[{"event_type": "LibImportEvent", "user_id": "d17504a3-b193-4c22-a852-89c285ee664b", "event_properties": {"name": "os", "version": "None", "py_version": "3.7.13", "lineapy_version": "0.0.5"}}]
[{"event_type": "LibImportEvent", "user_id": "d17504a3-b193-4c22-a852-89c285ee664b", "event_properties": {"name": "matplotlib.pyplot", "version": "3.2.2", "py_version": "3.7.13", "lineapy_version": "0.0.5"}}]
[{"event_type": "LibImportEvent", "user_id": "d17504a3-b193-4c22-a852-89c285ee664b", "event_properties": {"name": "sklearn.linear_model", "version": "1.0.2", "py_version": "3.7.13", "lineapy_version": "0.0.5"}}]
[{"event_type": "LibImportEvent", "user_id": "d17504a3-b193-4c22-a852-89c285ee664b", "event_properties": {"name": "pandas", "version": "1.3.5", "py_version": "3.7.13", "lineapy_version": "0.0.5"}}]
